<?xml version="1.0" encoding="UTF-8"?>
<!-- Generated by org.testng.reporters.JUnitReportReporter -->
<testsuite skipped="0" hostname="Lenovo-PC" name="ReportExample.Snapshotdemo" tests="1" failures="0" timestamp="19 Feb 2019 14:26:31 GMT" time="9.599" errors="0">
  <testcase name="testCase1" time="9.599" classname="ReportExample.Snapshotdemo"/>
</testsuite> <!-- ReportExample.Snapshotdemo -->
